TN:
SF:src\api\auth.ts
FN:10,getUser
FN:11,(anonymous_1)
FN:18,login
FN:19,(anonymous_3)
FN:26,generateAuthToken
FNF:5
FNH:0
FNDA:0,getUser
FNDA:0,(anonymous_1)
FNDA:0,login
FNDA:0,(anonymous_3)
FNDA:0,generateAuthToken
DA:3,0
DA:10,0
DA:11,0
DA:13,0
DA:15,0
DA:18,0
DA:19,0
DA:21,0
DA:23,0
DA:27,0
LF:10
LH:0
BRF:0
BRH:0
end_of_record
TN:
SF:src\app\App.tsx
FN:3,App
FNF:1
FNH:0
FNDA:0,App
DA:1,0
DA:4,0
DA:7,0
LF:3
LH:0
BRF:0
BRH:0
end_of_record
TN:
SF:src\app\components\AppShell.tsx
FN:15,(anonymous_1)
FNF:1
FNH:0
FNDA:0,(anonymous_1)
DA:2,0
DA:7,0
DA:8,0
DA:9,0
DA:15,0
DA:16,0
DA:50,0
LF:7
LH:0
BRF:0
BRH:0
end_of_record
TN:
SF:src\app\components\Navbar.tsx
FN:4,(anonymous_0)
FN:5,(anonymous_1)
FNF:2
FNH:0
FNDA:0,(anonymous_0)
FNDA:0,(anonymous_1)
DA:1,0
DA:2,0
DA:4,0
DA:5,0
DA:6,0
DA:7,0
DA:17,0
LF:7
LH:0
BRF:0
BRH:0
end_of_record
TN:
SF:src\app\components\Sidebar.tsx
FN:17,AppSidebar
FN:18,(anonymous_1)
FN:27,(anonymous_2)
FNF:3
FNH:0
FNDA:0,AppSidebar
FNDA:0,(anonymous_1)
FNDA:0,(anonymous_2)
DA:1,0
DA:11,0
DA:12,0
DA:17,0
DA:18,0
DA:19,0
DA:20,0
DA:28,0
LF:8
LH:0
BRDA:18,0,0,0
BRDA:18,0,1,0
BRF:2
BRH:0
end_of_record
TN:
SF:src\app\components\page.tsx
FN:1,Page
FNF:1
FNH:0
FNDA:0,Page
DA:1,0
DA:2,0
LF:2
LH:0
BRF:0
BRH:0
end_of_record
TN:
SF:src\app\config\navigation.ts
FNF:0
FNH:0
DA:6,0
LF:1
LH:0
BRF:0
BRH:0
end_of_record
TN:
FN:3,(anonymous_0)
FN:14,(anonymous_1)
FN:25,(anonymous_2)
FNF:3
FNH:0
FNDA:0,(anonymous_0)
FNDA:0,(anonymous_1)
FNDA:0,(anonymous_2)
DA:1,0
DA:3,0
DA:4,0
DA:15,0
DA:26,0
DA:41,0
LF:6
LH:0
BRDA:16,0,0,0
BRDA:16,0,1,0
BRDA:27,1,0,0
BRDA:27,1,1,0
BRF:4
BRH:0
end_of_record
TN:
FN:4,(anonymous_0)
FN:5,(anonymous_1)
FNF:2
FNH:0
FNDA:0,(anonymous_0)
FNDA:0,(anonymous_1)
DA:1,0
DA:2,0
DA:4,0
DA:5,0
DA:7,0
DA:28,0
LF:6
LH:0
BRF:0
BRH:0
end_of_record
TN:
SF:src\app\layouts\RoleBasedLayout.tsx
FN:5,(anonymous_1)
FN:6,(anonymous_2)
FNF:2
FNH:0
FNDA:0,(anonymous_1)
FNDA:0,(anonymous_2)
DA:1,0
DA:2,0
DA:3,0
DA:5,0
DA:6,0
DA:7,0
DA:9,0
LF:7
LH:0
BRDA:7,0,0,0
BRDA:7,0,1,0
BRF:2
BRH:0
end_of_record
TN:
FN:3,(anonymous_0)
FNF:1
FNH:0
FNDA:0,(anonymous_0)
DA:1,0
DA:3,0
DA:4,0
DA:23,0
LF:4
LH:0
BRF:0
BRH:0
end_of_record
TN:
SF:src\app\layouts\layout.tsx
FN:4,Layout
FNF:1
FNH:0
FNDA:0,Layout
DA:1,0
DA:2,0
DA:4,0
DA:5,0
LF:4
LH:0
BRF:0
BRH:0
end_of_record
TN:
SF:src\app\providers\AuthProvider.tsx
FN:67,AuthProvider
FN:71,(anonymous_1)
FN:72,fetchUser
FN:89,handleLogin
FN:103,handleLogout
FN:122,useAuth
FNF:6
FNH:0
FNDA:0,AuthProvider
FNDA:0,(anonymous_1)
FNDA:0,fetchUser
FNDA:0,handleLogin
FNDA:0,handleLogout
FNDA:0,useAuth
DA:46,0
DA:48,0
DA:63,0
DA:67,0
DA:68,0
DA:69,0
DA:71,0
DA:73,0
DA:74,0
DA:76,0
DA:78,0
DA:79,0
DA:81,0
DA:82,0
DA:86,0
DA:90,0
DA:91,0
DA:93,0
DA:95,0
DA:96,0
DA:98,0
DA:99,0
DA:104,0
DA:105,0
DA:108,0
DA:122,0
DA:123,0
DA:125,0
DA:126,0
DA:129,0
LF:30
LH:0
BRDA:125,0,0,0
BRDA:125,0,1,0
BRF:2
BRH:0
end_of_record
TN:
SF:src\app\providers\ErrorProvider.tsx
FN:4,ErrorProvider
FN:5,(anonymous_1)
FN:6,(anonymous_2)
FN:14,(anonymous_3)
FNF:4
FNH:0
FNDA:0,ErrorProvider
FNDA:0,(anonymous_1)
FNDA:0,(anonymous_2)
FNDA:0,(anonymous_3)
DA:1,0
DA:2,0
DA:4,0
DA:5,0
DA:6,0
DA:7,0
DA:14,0
DA:15,0
DA:25,0
LF:9
LH:0
BRDA:9,0,0,0
BRDA:9,0,1,0
BRDA:18,1,0,0
BRDA:18,1,1,0
BRF:4
BRH:0
end_of_record
TN:
SF:src\app\router\RoleGuard.tsx
FN:10,(anonymous_0)
FN:11,(anonymous_1)
FN:12,(anonymous_2)
FNF:3
FNH:0
FNDA:0,(anonymous_0)
FNDA:0,(anonymous_1)
FNDA:0,(anonymous_2)
DA:1,0
DA:2,0
DA:10,0
DA:11,0
DA:12,0
DA:13,0
DA:16,0
DA:17,0
DA:21,0
DA:22,0
DA:26,0
LF:11
LH:0
BRDA:16,0,0,0
BRDA:16,0,1,0
BRDA:21,1,0,0
BRDA:21,1,1,0
BRDA:21,2,0,0
BRDA:21,2,1,0
BRF:6
BRH:0
end_of_record
TN:
SF:src\app\router\RouterError.tsx
FN:3,(anonymous_0)
FNF:1
FNH:0
FNDA:0,(anonymous_0)
DA:1,0
DA:3,0
DA:4,0
DA:6,0
DA:7,0
DA:15,0
DA:22,0
LF:7
LH:0
BRDA:6,0,0,0
BRDA:6,0,1,0
BRF:2
BRH:0
end_of_record
TN:
SF:src\app\router\index.tsx
FN:11,(anonymous_1)
FN:12,(anonymous_2)
FN:15,(anonymous_3)
FN:18,(anonymous_4)
FNF:4
FNH:0
FNDA:0,(anonymous_1)
FNDA:0,(anonymous_2)
FNDA:0,(anonymous_3)
FNDA:0,(anonymous_4)
DA:1,0
DA:2,0
DA:3,0
DA:4,0
DA:5,0
DA:6,0
DA:7,0
DA:8,0
DA:11,0
DA:12,0
DA:15,0
DA:18,0
DA:20,0
LF:13
LH:0
BRF:0
BRH:0
end_of_record
TN:
SF:src\app\store\store.ts
FN:10,(anonymous_0)
FN:12,(anonymous_1)
FN:12,(anonymous_2)
FN:13,(anonymous_3)
FN:14,(anonymous_4)
FN:15,(anonymous_5)
FN:17,(anonymous_6)
FN:17,(anonymous_7)
FNF:8
FNH:0
FNDA:0,(anonymous_0)
FNDA:0,(anonymous_1)
FNDA:0,(anonymous_2)
FNDA:0,(anonymous_3)
FNDA:0,(anonymous_4)
FNDA:0,(anonymous_5)
FNDA:0,(anonymous_6)
FNDA:0,(anonymous_7)
DA:1,0
DA:10,0
DA:12,0
DA:14,0
DA:15,0
DA:17,0
LF:6
LH:0
BRF:0
BRH:0
end_of_record
TN:
SF:src\features\auth\components\ProtectedRoute.tsx
FN:5,(anonymous_0)
FN:6,(anonymous_1)
FNF:2
FNH:0
FNDA:0,(anonymous_0)
FNDA:0,(anonymous_1)
DA:1,0
DA:2,0
DA:5,0
DA:6,0
DA:7,0
DA:8,0
DA:9,0
DA:12,0
LF:8
LH:0
BRDA:8,0,0,0
BRDA:8,0,1,0
BRF:2
BRH:0
end_of_record
TN:
SF:src\features\auth\config\auth-config.ts
FN:29,(anonymous_0)
FNF:1
FNH:0
FNDA:0,(anonymous_0)
DA:6,0
DA:14,0
DA:30,0
DA:31,0
DA:33,0
DA:35,0
DA:36,0
DA:38,0
DA:39,0
DA:41,0
DA:42,0
DA:44,0
DA:45,0
DA:47,0
DA:60,0
DA:68,0
LF:16
LH:0
BRDA:30,0,0,0
BRDA:30,0,1,0
BRDA:33,1,0,0
BRDA:33,1,1,0
BRDA:33,1,2,0
BRDA:33,1,3,0
BRDA:33,1,4,0
BRF:7
BRH:0
end_of_record
TN:
SF:src\features\auth\pages\LoginPage.tsx
FN:18,(anonymous_0)
FN:27,(anonymous_1)
FN:29,(anonymous_2)
FN:56,(anonymous_3)
FN:66,(anonymous_4)
FN:83,(anonymous_5)
FN:89,(anonymous_6)
FN:90,(anonymous_7)
FN:92,(anonymous_8)
FNF:9
FNH:0
FNDA:0,(anonymous_0)
FNDA:0,(anonymous_1)
FNDA:0,(anonymous_2)
FNDA:0,(anonymous_3)
FNDA:0,(anonymous_4)
FNDA:0,(anonymous_5)
FNDA:0,(anonymous_6)
FNDA:0,(anonymous_7)
FNDA:0,(anonymous_8)
DA:1,0
DA:2,0
DA:3,0
DA:4,0
DA:5,0
DA:6,0
DA:8,0
DA:9,0
DA:10,0
DA:11,0
DA:18,0
DA:19,0
DA:20,0
DA:21,0
DA:23,0
DA:24,0
DA:25,0
DA:27,0
DA:28,0
DA:29,0
DA:30,0
DA:31,0
DA:32,0
DA:33,0
DA:35,0
DA:37,0
DA:39,0
DA:43,0
DA:56,0
DA:66,0
DA:83,0
DA:84,0
DA:86,0
DA:90,0
DA:93,0
DA:112,0
LF:36
LH:0
BRDA:37,0,0,0
BRDA:37,0,1,0
BRDA:37,1,0,0
BRDA:37,1,1,0
BRDA:70,2,0,0
BRDA:70,2,1,0
BRDA:75,3,0,0
BRDA:75,3,1,0
BRF:8
BRH:0
end_of_record
TN:
SF:src\features\auth\pages\UnauthorizedPage.tsx
FN:1,(anonymous_0)
FNF:1
FNH:0
FNDA:0,(anonymous_0)
DA:1,0
DA:2,0
DA:8,0
LF:3
LH:0
BRF:0
BRH:0
end_of_record
TN:
SF:src\features\auth\services\auth.service.ts
FN:22,(anonymous_0)
FN:23,(anonymous_1)
FN:26,(anonymous_2)
FN:50,(anonymous_3)
FN:51,(anonymous_4)
FN:58,(anonymous_5)
FNF:6
FNH:0
FNDA:0,(anonymous_0)
FNDA:0,(anonymous_1)
FNDA:0,(anonymous_2)
FNDA:0,(anonymous_3)
FNDA:0,(anonymous_4)
FNDA:0,(anonymous_5)
DA:15,0
DA:22,0
DA:23,0
DA:25,0
DA:26,0
DA:29,0
DA:31,0
DA:32,0
DA:34,0
DA:50,0
DA:51,0
DA:53,0
DA:54,0
DA:56,0
DA:58,0
DA:59,0
DA:61,0
LF:17
LH:0
BRDA:26,0,0,0
BRDA:26,0,1,0
BRDA:29,1,0,0
BRDA:29,1,1,0
BRDA:54,2,0,0
BRDA:54,2,1,0
BRDA:59,3,0,0
BRDA:59,3,1,0
BRF:8
BRH:0
end_of_record
TN:
SF:src\features\auth\services\msal-instance.ts
FN:8,(anonymous_0)
FNF:1
FNH:0
FNDA:0,(anonymous_0)
DA:1,0
DA:2,0
DA:5,0
DA:8,0
DA:9,0
DA:10,0
LF:6
LH:0
BRF:0
BRH:0
end_of_record
TN:
SF:src\features\auth\store\authStore.ts
FN:24,(anonymous_0)
FN:28,(anonymous_1)
FN:29,(anonymous_2)
FN:31,(anonymous_3)
FNF:4
FNH:0
FNDA:0,(anonymous_0)
FNDA:0,(anonymous_1)
FNDA:0,(anonymous_2)
FNDA:0,(anonymous_3)
DA:1,0
DA:2,0
DA:22,0
DA:24,0
DA:28,0
DA:29,0
DA:31,0
LF:7
LH:0
BRF:0
BRH:0
end_of_record
TN:
FN:4,(anonymous_0)
FN:5,(anonymous_1)
FN:6,(anonymous_2)
FNF:3
FNH:0
FNDA:0,(anonymous_0)
FNDA:0,(anonymous_1)
FNDA:0,(anonymous_2)
DA:2,0
DA:4,0
DA:5,0
DA:6,0
DA:7,0
DA:9,0
DA:19,0
LF:7
LH:0
BRF:0
BRH:0
end_of_record
TN:
SF:src\lib\utils.ts
FN:4,cn
FNF:1
FNH:0
FNDA:0,cn
DA:1,0
DA:2,0
DA:4,0
DA:5,0
LF:4
LH:0
BRF:0
BRH:0
end_of_record
TN:
SF:src\shared\theme-provider.tsx
FN:18,(anonymous_0)
FN:23,ThemeProvider
FN:30,(anonymous_2)
FN:33,(anonymous_3)
FN:53,(anonymous_4)
FN:66,(anonymous_5)
FNF:6
FNH:0
FNDA:0,(anonymous_0)
FNDA:0,ThemeProvider
FNDA:0,(anonymous_2)
FNDA:0,(anonymous_3)
FNDA:0,(anonymous_4)
FNDA:0,(anonymous_5)
DA:1,0
DA:16,0
DA:18,0
DA:21,0
DA:23,0
DA:29,0
DA:30,0
DA:33,0
DA:34,0
DA:36,0
DA:38,0
DA:39,0
DA:44,0
DA:45,0
DA:48,0
DA:51,0
DA:54,0
DA:55,0
DA:59,0
DA:66,0
DA:67,0
DA:69,0
DA:70,0
DA:72,0
LF:24
LH:0
BRDA:25,0,0,0
BRDA:26,1,0,0
BRDA:30,2,0,0
BRDA:30,2,1,0
BRDA:38,3,0,0
BRDA:38,3,1,0
BRDA:39,4,0,0
BRDA:39,4,1,0
BRDA:69,5,0,0
BRDA:69,5,1,0
BRF:10
BRH:0
end_of_record
TN:
SF:src\shared\components\app-sidebar.tsx
FN:157,AppSidebar
FNF:1
FNH:0
FNDA:0,AppSidebar
DA:2,0
DA:15,0
DA:16,0
DA:17,0
DA:18,0
DA:19,0
DA:28,0
DA:157,0
DA:158,0
LF:9
LH:0
BRF:0
BRH:0
end_of_record
TN:
SF:src\shared\components\nav-main.tsx
FN:21,NavMain
FN:39,(anonymous_1)
FN:56,(anonymous_2)
FNF:3
FNH:0
FNDA:0,NavMain
FNDA:0,(anonymous_1)
FNDA:0,(anonymous_2)
DA:3,0
DA:5,0
DA:10,0
DA:21,0
DA:35,0
DA:40,0
DA:57,0
LF:7
LH:0
BRDA:49,0,0,0
BRDA:49,0,1,0
BRF:2
BRH:0
end_of_record
TN:
SF:src\shared\components\nav-projects.tsx
FN:26,NavProjects
FN:41,(anonymous_1)
FNF:2
FNH:0
FNDA:0,NavProjects
FNDA:0,(anonymous_1)
DA:1,0
DA:9,0
DA:16,0
DA:26,0
DA:35,0
DA:37,0
DA:42,0
LF:7
LH:0
BRDA:58,0,0,0
BRDA:58,0,1,0
BRDA:59,1,0,0
BRDA:59,1,1,0
BRF:4
BRH:0
end_of_record
TN:
SF:src\shared\components\nav-user.tsx
FN:33,NavUser
FNF:1
FNH:0
FNDA:0,NavUser
DA:3,0
DA:12,0
DA:17,0
DA:26,0
DA:33,0
DA:42,0
DA:44,0
LF:7
LH:0
BRDA:66,0,0,0
BRDA:66,0,1,0
BRF:2
BRH:0
end_of_record
TN:
SF:src\shared\components\team-switcher.tsx
FN:20,TeamSwitcher
FN:66,(anonymous_10)
FN:69,(anonymous_11)
FNF:3
FNH:0
FNDA:0,TeamSwitcher
FNDA:0,(anonymous_10)
FNDA:0,(anonymous_11)
DA:1,0
DA:2,0
DA:4,0
DA:13,0
DA:20,0
DA:29,0
DA:30,0
DA:32,0
DA:33,0
DA:36,0
DA:67,0
DA:69,0
LF:12
LH:0
BRDA:32,0,0,0
BRDA:32,0,1,0
BRDA:60,1,0,0
BRDA:60,1,1,0
BRF:4
BRH:0
end_of_record
TN:
SF:src\shared\components\ui\avatar.tsx
FN:9,(anonymous_9)
FN:24,(anonymous_10)
FN:36,(anonymous_11)
FNF:3
FNH:0
FNDA:0,(anonymous_9)
FNDA:0,(anonymous_10)
FNDA:0,(anonymous_11)
DA:1,0
DA:2,0
DA:4,0
DA:6,0
DA:10,0
DA:19,0
DA:21,0
DA:25,0
DA:31,0
DA:33,0
DA:37,0
DA:46,0
DA:48,0
LF:13
LH:0
BRF:0
BRH:0
end_of_record
TN:
SF:src\shared\components\ui\breadcrumb.tsx
FN:12,(anonymous_9)
FN:18,(anonymous_10)
FN:33,(anonymous_11)
FN:47,(anonymous_12)
FN:63,(anonymous_13)
FN:75,(anonymous_14)
FN:91,(anonymous_15)
FNF:7
FNH:0
FNDA:0,(anonymous_9)
FNDA:0,(anonymous_10)
FNDA:0,(anonymous_11)
FNDA:0,(anonymous_12)
FNDA:0,(anonymous_13)
FNDA:0,(anonymous_14)
FNDA:0,(anonymous_15)
DA:1,0
DA:2,0
DA:3,0
DA:5,0
DA:7,0
DA:12,0
DA:13,0
DA:15,0
DA:19,0
DA:28,0
DA:30,0
DA:34,0
DA:40,0
DA:42,0
DA:48,0
DA:50,0
DA:58,0
DA:60,0
DA:64,0
DA:73,0
DA:75,0
DA:80,0
DA:89,0
DA:91,0
DA:95,0
DA:105,0
DA:108,0
DA:109,0
DA:110,0
DA:111,0
DA:112,0
DA:113,0
DA:114,0
LF:33
LH:0
BRDA:48,0,0,0
BRDA:48,0,1,0
BRDA:86,1,0,0
BRDA:86,1,1,0
BRF:4
BRH:0
end_of_record
TN:
SF:src\shared\components\ui\button.tsx
FN:44,(anonymous_9)
FNF:1
FNH:0
FNDA:0,(anonymous_9)
DA:1,0
DA:2,0
DA:3,0
DA:5,0
DA:7,0
DA:43,0
DA:45,0
DA:46,0
DA:55,0
DA:57,0
LF:10
LH:0
BRDA:44,0,0,0
BRDA:45,1,0,0
BRDA:45,1,1,0
BRF:3
BRH:0
end_of_record
TN:
SF:src\shared\components\ui\card.tsx
FN:8,(anonymous_9)
FN:23,(anonymous_10)
FN:35,(anonymous_11)
FN:47,(anonymous_12)
FN:59,(anonymous_13)
FN:67,(anonymous_14)
FNF:6
FNH:0
FNDA:0,(anonymous_9)
FNDA:0,(anonymous_10)
FNDA:0,(anonymous_11)
FNDA:0,(anonymous_12)
FNDA:0,(anonymous_13)
FNDA:0,(anonymous_14)
DA:1,0
DA:3,0
DA:5,0
DA:9,0
DA:18,0
DA:20,0
DA:24,0
DA:30,0
DA:32,0
DA:36,0
DA:42,0
DA:44,0
DA:48,0
DA:54,0
DA:56,0
DA:60,0
DA:62,0
DA:64,0
DA:68,0
DA:74,0
DA:76,0
LF:21
LH:0
BRF:0
BRH:0
end_of_record
TN:
SF:src\shared\components\ui\collapsible.tsx
FNF:0
FNH:0
DA:1,0
DA:3,0
DA:5,0
DA:7,0
DA:9,0
LF:5
LH:0
BRF:0
BRH:0
end_of_record
TN:
SF:src\shared\components\ui\dropdown-menu.tsx
FN:26,(anonymous_9)
FN:46,(anonymous_10)
FN:62,(anonymous_11)
FN:83,(anonymous_12)
FN:99,(anonymous_13)
FN:123,(anonymous_14)
FN:147,(anonymous_15)
FN:163,(anonymous_16)
FN:172,(anonymous_17)
FNF:9
FNH:0
FNDA:0,(anonymous_9)
FNDA:0,(anonymous_10)
FNDA:0,(anonymous_11)
FNDA:0,(anonymous_12)
FNDA:0,(anonymous_13)
FNDA:0,(anonymous_14)
FNDA:0,(anonymous_15)
FNDA:0,(anonymous_16)
FNDA:0,(anonymous_17)
DA:3,0
DA:4,0
DA:5,0
DA:7,0
DA:9,0
DA:11,0
DA:13,0
DA:15,0
DA:17,0
DA:19,0
DA:21,0
DA:27,0
DA:40,0
DA:43,0
DA:47,0
DA:56,0
DA:59,0
DA:63,0
DA:76,0
DA:78,0
DA:84,0
DA:94,0
DA:96,0
DA:100,0
DA:117,0
DA:120,0
DA:124,0
DA:140,0
DA:142,0
DA:148,0
DA:158,0
DA:160,0
DA:164,0
DA:170,0
DA:172,0
DA:176,0
DA:183,0
DA:186,0
DA:187,0
DA:188,0
DA:189,0
DA:190,0
DA:191,0
DA:192,0
DA:193,0
DA:194,0
DA:195,0
DA:196,0
DA:197,0
DA:198,0
DA:199,0
DA:200,0
LF:52
LH:0
BRDA:31,0,0,0
BRDA:31,0,1,0
BRDA:62,1,0,0
BRDA:88,2,0,0
BRDA:88,2,1,0
BRDA:152,3,0,0
BRDA:152,3,1,0
BRF:7
BRH:0
end_of_record
TN:
SF:src\shared\components\ui\input.tsx
FN:6,(anonymous_9)
FNF:1
FNH:0
FNDA:0,(anonymous_9)
DA:1,0
DA:3,0
DA:5,0
DA:7,0
DA:20,0
DA:22,0
LF:6
LH:0
BRF:0
BRH:0
end_of_record
TN:
SF:src\shared\components\ui\label.tsx
FN:15,(anonymous_9)
FNF:1
FNH:0
FNDA:0,(anonymous_9)
DA:1,0
DA:2,0
DA:3,0
DA:5,0
DA:7,0
DA:11,0
DA:16,0
DA:22,0
DA:24,0
LF:9
LH:0
BRF:0
BRH:0
end_of_record
TN:
SF:src\shared\components\ui\separator.tsx
FN:10,(anonymous_9)
FNF:1
FNH:0
FNDA:0,(anonymous_9)
DA:1,0
DA:2,0
DA:4,0
DA:6,0
DA:14,0
DA:27,0
DA:29,0
LF:7
LH:0
BRDA:11,0,0,0
BRDA:11,1,0,0
BRDA:20,2,0,0
BRDA:20,2,1,0
BRF:4
BRH:0
end_of_record
TN:
SF:src\shared\components\ui\sheet.tsx
FN:21,(anonymous_9)
FN:59,(anonymous_10)
FN:77,(anonymous_11)
FN:91,(anonymous_12)
FN:108,(anonymous_13)
FN:120,(anonymous_14)
FNF:6
FNH:0
FNDA:0,(anonymous_9)
FNDA:0,(anonymous_10)
FNDA:0,(anonymous_11)
FNDA:0,(anonymous_12)
FNDA:0,(anonymous_13)
FNDA:0,(anonymous_14)
DA:3,0
DA:4,0
DA:5,0
DA:6,0
DA:8,0
DA:10,0
DA:12,0
DA:14,0
DA:16,0
DA:18,0
DA:22,0
DA:31,0
DA:33,0
DA:56,0
DA:60,0
DA:75,0
DA:77,0
DA:81,0
DA:89,0
DA:91,0
DA:95,0
DA:103,0
DA:105,0
DA:109,0
DA:115,0
DA:117,0
DA:121,0
DA:127,0
DA:130,0
DA:131,0
DA:132,0
DA:133,0
DA:134,0
DA:135,0
DA:136,0
DA:137,0
DA:138,0
DA:139,0
LF:38
LH:0
BRDA:59,0,0,0
BRF:1
BRH:0
end_of_record
TN:
SF:src\shared\components\ui\sidebar.tsx
FN:47,useSidebar
FN:64,(anonymous_10)
FN:84,(anonymous_11)
FN:99,(anonymous_12)
FN:101,(anonymous_13)
FN:102,(anonymous_14)
FN:106,(anonymous_15)
FN:107,(anonymous_16)
FN:118,(anonymous_17)
FN:126,(anonymous_18)
FN:173,(anonymous_19)
FN:275,(anonymous_20)
FN:285,(anonymous_21)
FN:301,(anonymous_22)
FN:330,(anonymous_23)
FN:348,(anonymous_24)
FN:366,(anonymous_25)
FN:381,(anonymous_26)
FN:396,(anonymous_27)
FN:411,(anonymous_28)
FN:429,(anonymous_29)
FN:444,(anonymous_30)
FN:465,(anonymous_31)
FN:488,(anonymous_32)
FN:501,(anonymous_33)
FN:514,(anonymous_34)
FN:554,(anonymous_35)
FN:611,(anonymous_36)
FN:639,(anonymous_37)
FN:662,(anonymous_38)
FN:664,(anonymous_39)
FN:698,(anonymous_40)
FN:715,(anonymous_41)
FN:725,(anonymous_42)
FNF:34
FNH:0
FNDA:0,useSidebar
FNDA:0,(anonymous_10)
FNDA:0,(anonymous_11)
FNDA:0,(anonymous_12)
FNDA:0,(anonymous_13)
FNDA:0,(anonymous_14)
FNDA:0,(anonymous_15)
FNDA:0,(anonymous_16)
FNDA:0,(anonymous_17)
FNDA:0,(anonymous_18)
FNDA:0,(anonymous_19)
FNDA:0,(anonymous_20)
FNDA:0,(anonymous_21)
FNDA:0,(anonymous_22)
FNDA:0,(anonymous_23)
FNDA:0,(anonymous_24)
FNDA:0,(anonymous_25)
FNDA:0,(anonymous_26)
FNDA:0,(anonymous_27)
FNDA:0,(anonymous_28)
FNDA:0,(anonymous_29)
FNDA:0,(anonymous_30)
FNDA:0,(anonymous_31)
FNDA:0,(anonymous_32)
FNDA:0,(anonymous_33)
FNDA:0,(anonymous_34)
FNDA:0,(anonymous_35)
FNDA:0,(anonymous_36)
FNDA:0,(anonymous_37)
FNDA:0,(anonymous_38)
FNDA:0,(anonymous_39)
FNDA:0,(anonymous_40)
FNDA:0,(anonymous_41)
FNDA:0,(anonymous_42)
DA:3,0
DA:4,0
DA:5,0
DA:6,0
DA:8,0
DA:9,0
DA:10,0
DA:11,0
DA:12,0
DA:13,0
DA:20,0
DA:21,0
DA:28,0
DA:29,0
DA:30,0
DA:31,0
DA:32,0
DA:33,0
DA:45,0
DA:48,0
DA:49,0
DA:50,0
DA:53,0
DA:56,0
DA:76,0
DA:77,0
DA:81,0
DA:82,0
DA:83,0
DA:85,0
DA:86,0
DA:87,0
DA:89,0
DA:93,0
DA:99,0
DA:100,0
DA:101,0
DA:102,0
DA:106,0
DA:107,0
DA:108,0
DA:112,0
DA:113,0
DA:117,0
DA:118,0
DA:123,0
DA:125,0
DA:126,0
DA:138,0
DA:163,0
DA:165,0
DA:184,0
DA:186,0
DA:187,0
DA:201,0
DA:202,0
DA:225,0
DA:270,0
DA:272,0
DA:276,0
DA:278,0
DA:286,0
DA:287,0
DA:296,0
DA:298,0
DA:302,0
DA:304,0
DA:325,0
DA:327,0
DA:331,0
DA:343,0
DA:345,0
DA:349,0
DA:361,0
DA:363,0
DA:367,0
DA:376,0
DA:378,0
DA:382,0
DA:391,0
DA:393,0
DA:397,0
DA:406,0
DA:408,0
DA:412,0
DA:424,0
DA:426,0
DA:430,0
DA:439,0
DA:441,0
DA:445,0
DA:447,0
DA:460,0
DA:462,0
DA:466,0
DA:468,0
DA:483,0
DA:485,0
DA:489,0
DA:496,0
DA:498,0
DA:502,0
DA:509,0
DA:511,0
DA:515,0
DA:522,0
DA:524,0
DA:546,0
DA:566,0
DA:567,0
DA:570,0
DA:580,0
DA:581,0
DA:584,0
DA:585,0
DA:590,0
DA:603,0
DA:605,0
DA:612,0
DA:614,0
DA:634,0
DA:636,0
DA:640,0
DA:655,0
DA:657,0
DA:664,0
DA:665,0
DA:668,0
DA:693,0
DA:695,0
DA:699,0
DA:710,0
DA:712,0
DA:715,0
DA:716,0
DA:718,0
DA:726,0
DA:728,0
DA:746,0
DA:749,0
DA:750,0
DA:751,0
DA:752,0
DA:753,0
DA:754,0
DA:755,0
DA:756,0
DA:757,0
DA:758,0
DA:759,0
DA:760,0
DA:761,0
DA:762,0
DA:763,0
DA:764,0
DA:765,0
DA:766,0
DA:767,0
DA:768,0
DA:769,0
DA:770,0
DA:771,0
DA:772,0
LF:163
LH:0
BRDA:49,0,0,0
BRDA:49,0,1,0
BRDA:66,1,0,0
BRDA:82,2,0,0
BRDA:82,2,1,0
BRDA:85,3,0,0
BRDA:85,3,1,0
BRDA:86,4,0,0
BRDA:86,4,1,0
BRDA:100,5,0,0
BRDA:100,5,1,0
BRDA:108,6,0,0
BRDA:108,6,1,0
BRDA:109,7,0,0
BRDA:109,7,1,0
BRDA:109,7,2,0
BRDA:123,8,0,0
BRDA:123,8,1,0
BRDA:175,9,0,0
BRDA:176,10,0,0
BRDA:177,11,0,0
BRDA:186,12,0,0
BRDA:186,12,1,0
BRDA:201,13,0,0
BRDA:201,13,1,0
BRDA:230,14,0,0
BRDA:230,14,1,0
BRDA:240,15,0,0
BRDA:240,15,1,0
BRDA:240,16,0,0
BRDA:240,16,1,0
BRDA:248,17,0,0
BRDA:248,17,1,0
BRDA:252,18,0,0
BRDA:252,18,1,0
BRDA:252,19,0,0
BRDA:252,19,1,0
BRDA:444,20,0,0
BRDA:445,21,0,0
BRDA:445,21,1,0
BRDA:465,22,0,0
BRDA:466,23,0,0
BRDA:466,23,1,0
BRDA:556,24,0,0
BRDA:557,25,0,0
BRDA:558,26,0,0
BRDA:559,27,0,0
BRDA:566,28,0,0
BRDA:566,28,1,0
BRDA:580,29,0,0
BRDA:580,29,1,0
BRDA:584,30,0,0
BRDA:584,30,1,0
BRDA:596,31,0,0
BRDA:596,31,1,0
BRDA:611,32,0,0
BRDA:611,33,0,0
BRDA:612,34,0,0
BRDA:612,34,1,0
BRDA:626,35,0,0
BRDA:626,35,1,0
BRDA:662,36,0,0
BRDA:675,37,0,0
BRDA:675,37,1,0
BRDA:725,38,0,0
BRDA:725,39,0,0
BRDA:726,40,0,0
BRDA:726,40,1,0
BRDA:737,41,0,0
BRDA:737,41,1,0
BRDA:738,42,0,0
BRDA:738,42,1,0
BRF:72
BRH:0
end_of_record
TN:
SF:src\shared\components\ui\skeleton.tsx
FN:3,Skeleton
FNF:1
FNH:0
FNDA:0,Skeleton
DA:1,0
DA:7,0
DA:15,0
LF:3
LH:0
BRF:0
BRH:0
end_of_record
TN:
SF:src\shared\components\ui\tooltip.tsx
FN:15,(anonymous_9)
FNF:1
FNH:0
FNDA:0,(anonymous_9)
DA:1,0
DA:2,0
DA:4,0
DA:6,0
DA:8,0
DA:10,0
DA:12,0
DA:16,0
DA:28,0
DA:30,0
LF:10
LH:0
BRDA:15,0,0,0
BRF:1
BRH:0
end_of_record
TN:
SF:src\shared\config\msalConfig.ts
FN:7,initializeMsalInstance
FN:26,getMsalInstance
FNF:2
FNH:0
FNDA:0,initializeMsalInstance
FNDA:0,getMsalInstance
DA:1,0
DA:2,0
DA:5,0
DA:7,0
DA:8,0
DA:10,0
DA:22,0
DA:23,0
DA:26,0
DA:27,0
DA:28,0
DA:30,0
LF:12
LH:0
BRDA:27,0,0,0
BRDA:27,0,1,0
BRF:2
BRH:0
end_of_record
TN:
SF:src\shared\errors\ErrorBoundary.tsx
FN:15,ErrorBoundary
FN:23,(anonymous_2)
FN:35,(anonymous_3)
FN:48,(anonymous_4)
FN:72,(anonymous_5)
FN:76,(anonymous_6)
FN:86,(anonymous_7)
FNF:7
FNH:0
FNDA:0,ErrorBoundary
FNDA:0,(anonymous_2)
FNDA:0,(anonymous_3)
FNDA:0,(anonymous_4)
FNDA:0,(anonymous_5)
FNDA:0,(anonymous_6)
FNDA:0,(anonymous_7)
DA:1,0
DA:2,0
DA:3,0
DA:4,0
DA:15,0
DA:23,0
DA:25,0
DA:32,0
DA:35,0
DA:37,0
DA:40,0
DA:43,0
DA:49,0
DA:66,0
DA:70,0
DA:73,0
DA:77,0
DA:83,0
DA:87,0
DA:88,0
DA:90,0
LF:21
LH:0
BRDA:17,0,0,0
BRDA:28,1,0,0
BRDA:28,1,1,0
BRDA:32,2,0,0
BRDA:32,2,1,0
BRDA:45,3,0,0
BRDA:45,3,1,0
BRDA:80,4,0,0
BRDA:80,4,1,0
BRDA:87,5,0,0
BRDA:87,5,1,0
BRF:11
BRH:0
end_of_record
TN:
SF:src\shared\errors\ErrorFallback.tsx
FN:8,ErrorFallback
FN:20,(anonymous_1)
FN:50,(anonymous_2)
FNF:3
FNH:0
FNDA:0,ErrorFallback
FNDA:0,(anonymous_1)
FNDA:0,(anonymous_2)
DA:8,0
DA:15,0
DA:18,0
DA:20,0
DA:21,0
DA:22,0
DA:24,0
DA:28,0
DA:50,0
LF:9
LH:0
BRDA:15,0,0,0
BRDA:15,0,1,0
BRDA:15,0,2,0
BRDA:18,1,0,0
BRDA:18,1,1,0
BRDA:18,2,0,0
BRDA:18,2,1,0
BRDA:21,3,0,0
BRDA:21,3,1,0
BRDA:37,4,0,0
BRDA:37,4,1,0
BRF:11
BRH:0
end_of_record
TN:
SF:src\shared\errors\errorUtils.ts
FN:4,normalizeError
FNF:1
FNH:0
FNDA:0,normalizeError
DA:4,0
DA:5,0
DA:6,0
DA:13,0
LF:4
LH:0
BRDA:5,0,0,0
BRDA:5,0,1,0
BRF:2
BRH:0
end_of_record
TN:
SF:src\shared\hooks\use-mobile.tsx
FN:5,useIsMobile
FN:8,(anonymous_10)
FN:10,(anonymous_11)
FN:15,(anonymous_12)
FNF:4
FNH:0
FNDA:0,useIsMobile
FNDA:0,(anonymous_10)
FNDA:0,(anonymous_11)
FNDA:0,(anonymous_12)
DA:1,0
DA:3,0
DA:5,0
DA:6,0
DA:8,0
DA:9,0
DA:10,0
DA:11,0
DA:13,0
DA:14,0
DA:15,0
DA:18,0
LF:12
LH:0
BRF:0
BRH:0
end_of_record
TN:
SF:src\shared\hooks\useAsyncError.ts
FN:24,useAsyncError
FN:28,(anonymous_1)
FN:40,(anonymous_2)
FN:45,(anonymous_3)
FNF:4
FNH:4
FNDA:9,useAsyncError
FNDA:3,(anonymous_1)
FNDA:3,(anonymous_2)
FNDA:2,(anonymous_3)
DA:1,1
DA:2,1
DA:24,1
DA:25,9
DA:26,9
DA:28,9
DA:29,3
DA:30,3
DA:36,3
DA:37,3
DA:40,9
DA:41,3
DA:42,3
DA:45,9
DA:49,2
DA:50,2
DA:51,2
DA:53,1
DA:54,1
DA:58,9
LF:20
LH:20
BRDA:29,0,0,2
BRDA:29,0,1,1
BRF:2
BRH:2
end_of_record
TN:
SF:src\shared\lib\utils.ts
FN:4,cn
FNF:1
FNH:0
FNDA:0,cn
DA:1,0
DA:2,0
DA:4,0
DA:5,0
LF:4
LH:0
BRF:0
BRH:0
end_of_record
TN:
SF:src\shared\services\axios.ts
FN:10,initializeApi
FN:26,getApi
FN:38,delay
FN:39,(anonymous_4)
FN:42,shouldRetry
FN:48,setupInterceptors
FN:54,(anonymous_7)
FN:62,(anonymous_8)
FN:71,(anonymous_9)
FN:75,(anonymous_10)
FNF:10
FNH:0
FNDA:0,initializeApi
FNDA:0,getApi
FNDA:0,delay
FNDA:0,(anonymous_4)
FNDA:0,shouldRetry
FNDA:0,setupInterceptors
FNDA:0,(anonymous_7)
FNDA:0,(anonymous_8)
FNDA:0,(anonymous_9)
FNDA:0,(anonymous_10)
DA:1,0
DA:2,0
DA:3,0
DA:4,0
DA:5,0
DA:10,0
DA:11,0
DA:13,0
DA:22,0
DA:23,0
DA:26,0
DA:27,0
DA:28,0
DA:30,0
DA:34,0
DA:35,0
DA:36,0
DA:39,0
DA:43,0
DA:44,0
DA:45,0
DA:49,0
DA:53,0
DA:55,0
DA:56,0
DA:57,0
DA:59,0
DA:60,0
DA:63,0
DA:64,0
DA:70,0
DA:72,0
DA:73,0
DA:76,0
DA:79,0
DA:80,0
DA:84,0
DA:85,0
DA:87,0
DA:90,0
DA:92,0
DA:96,0
DA:97,0
DA:99,0
DA:105,0
DA:106,0
DA:107,0
DA:110,0
DA:111,0
DA:115,0
DA:117,0
LF:51
LH:0
BRDA:27,0,0,0
BRDA:27,0,1,0
BRDA:43,1,0,0
BRDA:43,1,1,0
BRDA:44,2,0,0
BRDA:44,2,1,0
BRDA:49,3,0,0
BRDA:49,3,1,0
BRDA:56,4,0,0
BRDA:56,4,1,0
BRDA:79,5,0,0
BRDA:79,5,1,0
BRDA:84,6,0,0
BRDA:84,6,1,0
BRDA:105,7,0,0
BRDA:105,7,1,0
BRDA:110,8,0,0
BRDA:110,8,1,0
BRF:18
BRH:0
end_of_record
TN:
SF:src\shared\services\monitoring.ts
FN:6,initMonitoring
FN:30,trackException
FN:39,trackEvent
FN:45,trackTrace
FNF:4
FNH:0
FNDA:0,initMonitoring
FNDA:0,trackException
FNDA:0,trackEvent
FNDA:0,trackTrace
DA:1,0
DA:2,0
DA:4,0
DA:6,0
DA:7,0
DA:8,0
DA:10,0
DA:11,0
DA:22,0
DA:23,0
DA:26,0
DA:30,0
DA:31,0
DA:32,0
DA:39,0
DA:40,0
DA:41,0
DA:45,0
DA:46,0
DA:47,0
LF:20
LH:0
BRDA:10,0,0,0
BRDA:10,0,1,0
BRDA:10,1,0,0
BRDA:10,1,1,0
BRDA:31,2,0,0
BRDA:31,2,1,0
BRDA:40,3,0,0
BRDA:40,3,1,0
BRDA:46,4,0,0
BRDA:46,4,1,0
BRF:10
BRH:0
end_of_record
TN:
SF:src\shared\store\loadingStore.ts
FN:8,(anonymous_0)
FN:10,(anonymous_1)
FNF:2
FNH:0
FNDA:0,(anonymous_0)
FNDA:0,(anonymous_1)
DA:1,0
DA:8,0
DA:10,0
LF:3
LH:0
BRF:0
BRH:0
end_of_record
